{"logTime": "0926/071923", "correlationVector":"e1rkLbLAbnJebWgjzX6Yue.1","action":"SyncServerConnectionManagerRequest", "result":"SYNC_SERVER_OK", "context":{"environment":"Prod_SoutheastAsia_000j", "migrationStage":"NotStarted", "server":"GENERAL0300000O"}}
{"logTime": "0926/071924", "correlationVector":"gcc3kyBsXjeRIqmwMsBcGh","action":"SyncServerConnectionManagerRequest", "result":"SYNC_SERVER_OK", "context":{"environment":"", "migrationStage":"", "server":""}}
{"logTime": "0926/071924", "correlationVector":"e1rkLbLAbnJebWgjzX6Yue","action":"Initial GetUpdates", "result":"", "context":Reason: NEW_CLIENT. cV=e1rkLbLAbnJebWgjzX6Yue}
{"logTime": "0926/071924", "correlationVector":"e1rkLbLAbnJebWgjzX6Yue.2","action":"GetUpdates Response", "result":"Success", "context":Received 1 update(s). cV=e1rkLbLAbnJebWgjzX6Yue.0;server=GENERAL0300000O;cloudType=Consumer;environment=Prod_SoutheastAsia_000j;migrationStage=NotStarted}
{"logTime": "0926/071924", "correlationVector":"EZYeDrFGs4RlnZqsxhIlNW","action":"Initial GetUpdates", "result":"", "context":Reason: NEWLY_SUPPORTED_DATATYPE. cV=EZYeDrFGs4RlnZqsxhIlNW}
{"logTime": "0926/071924", "correlationVector":"EZYeDrFGs4RlnZqsxhIlNW.1","action":"SyncServerConnectionManagerRequest", "result":"SYNC_SERVER_OK", "context":{"environment":"Prod_SoutheastAsia_000j", "migrationStage":"NotStarted", "server":"GENERAL0100000F"}}
{"logTime": "0926/071924", "correlationVector":"EZYeDrFGs4RlnZqsxhIlNW.2","action":"GetUpdates Response", "result":"Success", "context":Received 1 update(s). cV=EZYeDrFGs4RlnZqsxhIlNW.0;server=GENERAL0100000F;cloudType=Consumer;environment=Prod_SoutheastAsia_000j;migrationStage=NotStarted}
{"logTime": "0926/071924", "correlationVector":"UdV09KxLueUiKqUJILqCZT","action":"Initial GetUpdates", "result":"", "context":Reason: NEWLY_SUPPORTED_DATATYPE. cV=UdV09KxLueUiKqUJILqCZT}
{"logTime": "0926/071925", "correlationVector":"UdV09KxLueUiKqUJILqCZT.1","action":"SyncServerConnectionManagerRequest", "result":"SYNC_SERVER_OK", "context":{"environment":"Prod_SoutheastAsia_000j", "migrationStage":"NotStarted", "server":"GENERAL0300000E"}}
{"logTime": "0926/071925", "correlationVector":"UdV09KxLueUiKqUJILqCZT.2","action":"GetUpdates Response", "result":"Success", "context":Received 5 update(s). cV=UdV09KxLueUiKqUJILqCZT.0;server=GENERAL0300000E;cloudType=Consumer;environment=Prod_SoutheastAsia_000j;migrationStage=NotStarted}
{"logTime": "0926/071925", "correlationVector":"zdR1HpZ0z9trWa7wqScrAR","action":"Initial GetUpdates", "result":"", "context":Reason: NEWLY_SUPPORTED_DATATYPE. cV=zdR1HpZ0z9trWa7wqScrAR}
{"logTime": "0926/071925", "correlationVector":"zdR1HpZ0z9trWa7wqScrAR.1","action":"SyncServerConnectionManagerRequest", "result":"SYNC_SERVER_OK", "context":{"environment":"Prod_SoutheastAsia_000j", "migrationStage":"NotStarted", "server":"GENERAL0100001L"}}
{"logTime": "0926/071925", "correlationVector":"zdR1HpZ0z9trWa7wqScrAR.2","action":"GetUpdates Response", "result":"Success", "context":Received 1 update(s). cV=zdR1HpZ0z9trWa7wqScrAR.0;server=GENERAL0100001L;cloudType=Consumer;environment=Prod_SoutheastAsia_000j;migrationStage=NotStarted}
{"logTime": "0926/071925", "correlationVector":"4qmmsxvltuWsU/uFMVG9g4","action":"Normal GetUpdate request", "result":"", "context":cV=4qmmsxvltuWsU/uFMVG9g4
Nudged types: Preferences, Sessions, Device Info, User Consents, Encryption Keys
Refresh requested types: Bookmarks, Preferences, Passwords, Autofill Profiles, Autofill, Typed URLs, Extensions, Sessions, Extension settings, History Delete Directives, Device Info, User Consents, Send Tab To Self, Web Apps, Collection, Edge E Drop, Edge Hub App Usage, Edge Tab Group, Edge Wallet, Encryption Keys}
{"logTime": "0926/071925", "correlationVector":"4qmmsxvltuWsU/uFMVG9g4.1","action":"SyncServerConnectionManagerRequest", "result":"SYNC_SERVER_OK", "context":{"environment":"Prod_SoutheastAsia_000j", "migrationStage":"NotStarted", "server":"GENERAL03000002"}}
{"logTime": "0926/071925", "correlationVector":"4qmmsxvltuWsU/uFMVG9g4.2","action":"GetUpdates Response", "result":"Success", "context":Received 0 update(s). cV=4qmmsxvltuWsU/uFMVG9g4.0;server=GENERAL03000002;cloudType=Consumer;environment=Prod_SoutheastAsia_000j;migrationStage=NotStarted}
{"logTime": "0926/071925", "correlationVector":"iL8d9hwLR6EDIqcTJe0pEV","action":"Commit Request", "result":"", "context":Item count: 1
Contributing types: Encryption Keys}
{"logTime": "0926/071925", "correlationVector":"iL8d9hwLR6EDIqcTJe0pEV.1","action":"SyncServerConnectionManagerRequest", "result":"SYNC_SERVER_OK", "context":{"environment":"Prod_SoutheastAsia_000j", "migrationStage":"NotStarted", "server":"GENERAL0300002X"}}
{"logTime": "0926/071925", "correlationVector":"iL8d9hwLR6EDIqcTJe0pEV.2","action":"Commit Response", "result":"Success", "context":Result: Success. cV=iL8d9hwLR6EDIqcTJe0pEV.0;server=GENERAL0300002X;cloudType=Consumer;environment=Prod_SoutheastAsia_000j;migrationStage=NotStarted}
{"logTime": "0926/071925", "correlationVector":"uszWfaF/DSdmUqvM9hVeXA","action":"Commit Request", "result":"", "context":Item count: 21
Contributing types: Preferences, Sessions, Device Info, User Consents}
{"logTime": "0926/071926", "correlationVector":"uszWfaF/DSdmUqvM9hVeXA.1","action":"SyncServerConnectionManagerRequest", "result":"SYNC_SERVER_OK", "context":{"environment":"Prod_SoutheastAsia_000j", "migrationStage":"NotStarted", "server":"GENERAL03000023"}}
{"logTime": "0926/071926", "correlationVector":"uszWfaF/DSdmUqvM9hVeXA.2","action":"Commit Response", "result":"Success", "context":Result: Success. cV=uszWfaF/DSdmUqvM9hVeXA.0;server=GENERAL03000023;cloudType=Consumer;environment=Prod_SoutheastAsia_000j;migrationStage=NotStarted}
{"logTime": "0926/071926", "correlationVector":"t251/4x6tEKkw/sDPCP3P3","action":"Normal GetUpdate request", "result":"", "context":cV=t251/4x6tEKkw/sDPCP3P3
Nudged types: Preferences, Sessions, Device Info}
{"logTime": "0926/071927", "correlationVector":"t251/4x6tEKkw/sDPCP3P3.1","action":"SyncServerConnectionManagerRequest", "result":"SYNC_SERVER_OK", "context":{"environment":"Prod_SoutheastAsia_000j", "migrationStage":"NotStarted", "server":"GENERAL0100001H"}}
{"logTime": "0926/071927", "correlationVector":"t251/4x6tEKkw/sDPCP3P3.2","action":"GetUpdates Response", "result":"Success", "context":Received 20 update(s). cV=t251/4x6tEKkw/sDPCP3P3.0;server=GENERAL0100001H;cloudType=Consumer;environment=Prod_SoutheastAsia_000j;migrationStage=NotStarted}
{"logTime": "0926/071927", "correlationVector":"kNtY/qY8IaRFbpTepPR7L1","action":"DoCompareDataConsistency requsted types: ", "result":"Bookmarks, Preferences, Passwords, Typed URLs, Extensions, Extension settings, History Delete Directives, Send Tab To Self, Web Apps, Collection, Edge E Drop, Edge Tab Group, Edge Wallet, Encryption Keys"}
{"logTime": "0926/071927", "correlationVector":"kNtY/qY8IaRFbpTepPR7L1.0","action":"CompareDataConsistency result: ", "result":"Compare result: Encryption Keys is consistent. local entities count is: 1 local entities hash is: lVXjxD9AJvs/2KNiWN62VMHETqQ="}
{"logTime": "0926/071927", "correlationVector":"kNtY/qY8IaRFbpTepPR7L1.1","action":"CompareDataConsistency result: ", "result":"Compare result: Bookmarks is consistent. local entities count is: 3 local entities hash is: eEOejZze3QN6OO32fBcoU1vk370="}
{"logTime": "0926/071927", "correlationVector":"kNtY/qY8IaRFbpTepPR7L1.2","action":"CompareDataConsistency result: ", "result":"Compare result: Preferences is consistent. local entities count is: 16 local entities hash is: RjXh9/ywv2VoMXLu3VnykBupW+I="}
{"logTime": "0926/071927", "correlationVector":"kNtY/qY8IaRFbpTepPR7L1.3","action":"CompareDataConsistency result: ", "result":"Server did not send this Typed URLs local entities count is: 0 local entities hash is: "}
{"logTime": "0926/071927", "correlationVector":"kNtY/qY8IaRFbpTepPR7L1.4","action":"CompareDataConsistency result: ", "result":"Compare result: Extensions is consistent. local entities count is: 0 local entities hash is: "}
{"logTime": "0926/071927", "correlationVector":"kNtY/qY8IaRFbpTepPR7L1.5","action":"CompareDataConsistency result: ", "result":"Compare result: Extension settings is consistent. local entities count is: 0 local entities hash is: "}
{"logTime": "0926/071927", "correlationVector":"kNtY/qY8IaRFbpTepPR7L1.6","action":"CompareDataConsistency result: ", "result":"Compare result: History Delete Directives is consistent. local entities count is: 0 local entities hash is: "}
{"logTime": "0926/071927", "correlationVector":"kNtY/qY8IaRFbpTepPR7L1.7","action":"CompareDataConsistency result: ", "result":"Server did not send this Send Tab To Self local entities count is: 0 local entities hash is: "}
{"logTime": "0926/071927", "correlationVector":"kNtY/qY8IaRFbpTepPR7L1.8","action":"CompareDataConsistency result: ", "result":"Compare result: Web Apps is consistent. local entities count is: 0 local entities hash is: "}
{"logTime": "0926/071927", "correlationVector":"kNtY/qY8IaRFbpTepPR7L1.9","action":"CompareDataConsistency result: ", "result":"Compare result: Collection is consistent. local entities count is: 0 local entities hash is: "}
{"logTime": "0926/071927", "correlationVector":"kNtY/qY8IaRFbpTepPR7L1.10","action":"CompareDataConsistency result: ", "result":"Compare result: Edge E Drop is consistent. local entities count is: 0 local entities hash is: "}
{"logTime": "0926/071927", "correlationVector":"kNtY/qY8IaRFbpTepPR7L1.11","action":"CompareDataConsistency result: ", "result":"Compare result: Edge Tab Group is consistent. local entities count is: 0 local entities hash is: "}
{"logTime": "0926/071927", "correlationVector":"kNtY/qY8IaRFbpTepPR7L1.12","action":"CompareDataConsistency result: ", "result":"Compare result: Edge Wallet is consistent. local entities count is: 0 local entities hash is: "}
{"logTime": "0926/071927", "correlationVector":"kNtY/qY8IaRFbpTepPR7L1.13","action":"CompareDataConsistency result: ", "result":"Compare result: Passwords is consistent. local entities count is: 0 local entities hash is: "}
{"logTime": "0926/071927", "correlationVector":"","action":"DIAGNOSTIC_REQUEST|v1/diagnosticData/Diagnostic.SendCheckResult()|SUCCESS", "result":""}
{"logTime": "0926/071938", "correlationVector":"cfo1JKdJjOQAJP4vXv2eW+","action":"Commit Request", "result":"", "context":Item count: 2
Contributing types: Preferences, Sessions}
{"logTime": "0926/071939", "correlationVector":"cfo1JKdJjOQAJP4vXv2eW+.1","action":"SyncServerConnectionManagerRequest", "result":"SYNC_SERVER_OK", "context":{"environment":"Prod_SoutheastAsia_000j", "migrationStage":"NotStarted", "server":"GENERAL0100001I"}}
{"logTime": "0926/071939", "correlationVector":"cfo1JKdJjOQAJP4vXv2eW+.2","action":"Commit Response", "result":"Success", "context":Result: Success. cV=cfo1JKdJjOQAJP4vXv2eW+.0;server=GENERAL0100001I;cloudType=Consumer;environment=Prod_SoutheastAsia_000j;migrationStage=NotStarted}
{"logTime": "0926/071942", "correlationVector":"E6lMCyYMCl1lDJZO6YsIhJ","action":"Commit Request", "result":"", "context":Item count: 1
Contributing types: Preferences}
{"logTime": "0926/071942", "correlationVector":"E6lMCyYMCl1lDJZO6YsIhJ.1","action":"SyncServerConnectionManagerRequest", "result":"SYNC_SERVER_OK", "context":{"environment":"Prod_SoutheastAsia_000j", "migrationStage":"NotStarted", "server":"GENERAL0300002E"}}
{"logTime": "0926/071942", "correlationVector":"E6lMCyYMCl1lDJZO6YsIhJ.2","action":"Commit Response", "result":"Success", "context":Result: Success. cV=E6lMCyYMCl1lDJZO6YsIhJ.0;server=GENERAL0300002E;cloudType=Consumer;environment=Prod_SoutheastAsia_000j;migrationStage=NotStarted}
{"logTime": "0926/072049", "correlationVector":"Hr9vAafd52vG/WePjXLXLy","action":"Commit Request", "result":"", "context":Item count: 1
Contributing types: Sessions}
{"logTime": "0926/072049", "correlationVector":"Hr9vAafd52vG/WePjXLXLy.1","action":"SyncServerConnectionManagerRequest", "result":"SYNC_SERVER_OK", "context":{"environment":"Prod_SoutheastAsia_000j", "migrationStage":"NotStarted", "server":"GENERAL0300000N"}}
{"logTime": "0926/072049", "correlationVector":"Hr9vAafd52vG/WePjXLXLy.2","action":"Commit Response", "result":"Success", "context":Result: Success. cV=Hr9vAafd52vG/WePjXLXLy.0;server=GENERAL0300000N;cloudType=Consumer;environment=Prod_SoutheastAsia_000j;migrationStage=NotStarted}
{"logTime": "0926/072330", "correlationVector":"+0BGGULxUo7OrXQswHyvl2","action":"Normal GetUpdate request", "result":"", "context":cV=+0BGGULxUo7OrXQswHyvl2
Nudged types: Sessions}
{"logTime": "0926/072331", "correlationVector":"+0BGGULxUo7OrXQswHyvl2.1","action":"SyncServerConnectionManagerRequest", "result":"SYNC_SERVER_OK", "context":{"environment":"Prod_SoutheastAsia_000j", "migrationStage":"NotStarted", "server":"GENERAL0100001D"}}
{"logTime": "0926/072331", "correlationVector":"+0BGGULxUo7OrXQswHyvl2.2","action":"GetUpdates Response", "result":"Success", "context":Received 3 update(s). cV=+0BGGULxUo7OrXQswHyvl2.0;server=GENERAL0100001D;cloudType=Consumer;environment=Prod_SoutheastAsia_000j;migrationStage=NotStarted}
{"logTime": "0926/072331", "correlationVector":"z8bonWS/W7V3zTTLWVblQ1","action":"Commit Request", "result":"", "context":Item count: 1
Contributing types: Sessions}
{"logTime": "0926/072331", "correlationVector":"z8bonWS/W7V3zTTLWVblQ1.1","action":"SyncServerConnectionManagerRequest", "result":"SYNC_SERVER_OK", "context":{"environment":"Prod_SoutheastAsia_000j", "migrationStage":"NotStarted", "server":"GENERAL0300001J"}}
{"logTime": "0926/072331", "correlationVector":"z8bonWS/W7V3zTTLWVblQ1.2","action":"Commit Response", "result":"Success", "context":Result: Success. cV=z8bonWS/W7V3zTTLWVblQ1.0;server=GENERAL0300001J;cloudType=Consumer;environment=Prod_SoutheastAsia_000j;migrationStage=NotStarted}
{"logTime": "0926/072415", "correlationVector":"pkNYiN/iT82wxak+1R3je1","action":"Normal GetUpdate request", "result":"", "context":cV=pkNYiN/iT82wxak+1R3je1
Refresh requested types: Bookmarks, Preferences, Passwords, Autofill Profiles, Autofill, Typed URLs, Extensions, Sessions, Extension settings, History Delete Directives, Device Info, User Consents, Send Tab To Self, Web Apps, Collection, Edge E Drop, Edge Hub App Usage, Edge Tab Group, Edge Wallet, Encryption Keys}
{"logTime": "0926/072415", "correlationVector":"pkNYiN/iT82wxak+1R3je1.1","action":"SyncServerConnectionManagerRequest", "result":"SYNC_SERVER_OK", "context":{"environment":"Prod_SoutheastAsia_000j", "migrationStage":"NotStarted", "server":"GENERAL0100001C"}}
{"logTime": "0926/072415", "correlationVector":"pkNYiN/iT82wxak+1R3je1.2","action":"GetUpdates Response", "result":"Success", "context":Received 1 update(s). cV=pkNYiN/iT82wxak+1R3je1.0;server=GENERAL0100001C;cloudType=Consumer;environment=Prod_SoutheastAsia_000j;migrationStage=NotStarted}
{"logTime": "0926/072615", "correlationVector":"115YCTib933Mt858AYclqs","action":"Commit Request", "result":"", "context":Item count: 2
Contributing types: Preferences, Edge Hub App Usage}
{"logTime": "0926/072615", "correlationVector":"115YCTib933Mt858AYclqs.1","action":"SyncServerConnectionManagerRequest", "result":"SYNC_SERVER_OK", "context":{"environment":"Prod_SoutheastAsia_000j", "migrationStage":"NotStarted", "server":"GENERAL01000007"}}
{"logTime": "0926/072615", "correlationVector":"115YCTib933Mt858AYclqs.2","action":"Commit Response", "result":"Success", "context":Result: Success. cV=115YCTib933Mt858AYclqs.0;server=GENERAL01000007;cloudType=Consumer;environment=Prod_SoutheastAsia_000j;migrationStage=NotStarted}
{"logTime": "0926/072716", "correlationVector":"jHnCeEhxub4ztjDRg5oiXj","action":"Commit Request", "result":"", "context":Item count: 1
Contributing types: Edge Hub App Usage}
{"logTime": "0926/072716", "correlationVector":"jHnCeEhxub4ztjDRg5oiXj.1","action":"SyncServerConnectionManagerRequest", "result":"SYNC_SERVER_OK", "context":{"environment":"Prod_SoutheastAsia_000j", "migrationStage":"NotStarted", "server":"GENERAL0100000N"}}
{"logTime": "0926/072716", "correlationVector":"jHnCeEhxub4ztjDRg5oiXj.2","action":"Commit Response", "result":"Success", "context":Result: Success. cV=jHnCeEhxub4ztjDRg5oiXj.0;server=GENERAL0100000N;cloudType=Consumer;environment=Prod_SoutheastAsia_000j;migrationStage=NotStarted}
{"logTime": "0926/072816", "correlationVector":"QmDfpkBvW4K2iGyGe+CEz7","action":"Commit Request", "result":"", "context":Item count: 1
Contributing types: Edge Hub App Usage}
{"logTime": "0926/072816", "correlationVector":"QmDfpkBvW4K2iGyGe+CEz7.1","action":"SyncServerConnectionManagerRequest", "result":"SYNC_SERVER_OK", "context":{"environment":"Prod_SoutheastAsia_000j", "migrationStage":"NotStarted", "server":"GENERAL03000009"}}
{"logTime": "0926/072816", "correlationVector":"QmDfpkBvW4K2iGyGe+CEz7.2","action":"Commit Response", "result":"Success", "context":Result: Success. cV=QmDfpkBvW4K2iGyGe+CEz7.0;server=GENERAL03000009;cloudType=Consumer;environment=Prod_SoutheastAsia_000j;migrationStage=NotStarted}
{"logTime": "0926/072845", "correlationVector":"LRvWf6sZteQLsp+qwSwsVD","action":"Commit Request", "result":"", "context":Item count: 2
Contributing types: Preferences, Sessions}
{"logTime": "0926/072846", "correlationVector":"LRvWf6sZteQLsp+qwSwsVD.1","action":"SyncServerConnectionManagerRequest", "result":"SYNC_SERVER_OK", "context":{"environment":"Prod_SoutheastAsia_000j", "migrationStage":"NotStarted", "server":"GENERAL0100000I"}}
{"logTime": "0926/072846", "correlationVector":"LRvWf6sZteQLsp+qwSwsVD.2","action":"Commit Response", "result":"Success", "context":Result: Success. cV=LRvWf6sZteQLsp+qwSwsVD.0;server=GENERAL0100000I;cloudType=Consumer;environment=Prod_SoutheastAsia_000j;migrationStage=NotStarted}
{"logTime": "0926/072853", "correlationVector":"NCFgNMKZ5u9LxXBJqeg//S","action":"Commit Request", "result":"", "context":Item count: 2
Contributing types: Sessions, Edge Hub App Usage}
{"logTime": "0926/072853", "correlationVector":"NCFgNMKZ5u9LxXBJqeg//S.1","action":"SyncServerConnectionManagerRequest", "result":"SYNC_SERVER_OK", "context":{"environment":"Prod_SoutheastAsia_000j", "migrationStage":"NotStarted", "server":"GENERAL0100000I"}}
{"logTime": "0926/072853", "correlationVector":"NCFgNMKZ5u9LxXBJqeg//S.2","action":"Commit Response", "result":"Success", "context":Result: Success. cV=NCFgNMKZ5u9LxXBJqeg//S.0;server=GENERAL0100000I;cloudType=Consumer;environment=Prod_SoutheastAsia_000j;migrationStage=NotStarted}
{"logTime": "0926/073015", "correlationVector":"YPu7fnfUdcx6G2Q/DWyie/","action":"Commit Request", "result":"", "context":Item count: 1
Contributing types: Sessions}
{"logTime": "0926/073015", "correlationVector":"YPu7fnfUdcx6G2Q/DWyie/.1","action":"SyncServerConnectionManagerRequest", "result":"SYNC_SERVER_OK", "context":{"environment":"Prod_SoutheastAsia_000j", "migrationStage":"NotStarted", "server":"GENERAL01000004"}}
{"logTime": "0926/073015", "correlationVector":"YPu7fnfUdcx6G2Q/DWyie/.2","action":"Commit Response", "result":"Success", "context":Result: Success. cV=YPu7fnfUdcx6G2Q/DWyie/.0;server=GENERAL01000004;cloudType=Consumer;environment=Prod_SoutheastAsia_000j;migrationStage=NotStarted}
{"logTime": "0926/073129", "correlationVector":"VRPTLXxchPqcZTTvdpPX0n","action":"Commit Request", "result":"", "context":Item count: 1
Contributing types: Sessions}
{"logTime": "0926/073129", "correlationVector":"VRPTLXxchPqcZTTvdpPX0n.1","action":"SyncServerConnectionManagerRequest", "result":"SYNC_SERVER_OK", "context":{"environment":"Prod_SoutheastAsia_000j", "migrationStage":"NotStarted", "server":"GENERAL03000014"}}
{"logTime": "0926/073129", "correlationVector":"VRPTLXxchPqcZTTvdpPX0n.2","action":"Commit Response", "result":"Success", "context":Result: Success. cV=VRPTLXxchPqcZTTvdpPX0n.0;server=GENERAL03000014;cloudType=Consumer;environment=Prod_SoutheastAsia_000j;migrationStage=NotStarted}
{"logTime": "0926/073515", "correlationVector":"9dXdVCxeey8KK/1WtUkEhJ","action":"Commit Request", "result":"", "context":Item count: 1
Contributing types: Sessions}
{"logTime": "0926/073515", "correlationVector":"9dXdVCxeey8KK/1WtUkEhJ.1","action":"SyncServerConnectionManagerRequest", "result":"SYNC_SERVER_OK", "context":{"environment":"Prod_SoutheastAsia_000j", "migrationStage":"NotStarted", "server":"GENERAL0300002P"}}
{"logTime": "0926/073515", "correlationVector":"9dXdVCxeey8KK/1WtUkEhJ.2","action":"Commit Response", "result":"Success", "context":Result: Success. cV=9dXdVCxeey8KK/1WtUkEhJ.0;server=GENERAL0300002P;cloudType=Consumer;environment=Prod_SoutheastAsia_000j;migrationStage=NotStarted}
{"logTime": "0926/073606", "correlationVector":"vpcZubwr7o44gWsyRr8uR1","action":"Commit Request", "result":"", "context":Item count: 3
Contributing types: Sessions}
{"logTime": "0926/073607", "correlationVector":"vpcZubwr7o44gWsyRr8uR1.1","action":"SyncServerConnectionManagerRequest", "result":"SYNC_SERVER_OK", "context":{"environment":"Prod_SoutheastAsia_000j", "migrationStage":"NotStarted", "server":"GENERAL0300002C"}}
{"logTime": "0926/073607", "correlationVector":"vpcZubwr7o44gWsyRr8uR1.2","action":"Commit Response", "result":"Success", "context":Result: Success. cV=vpcZubwr7o44gWsyRr8uR1.0;server=GENERAL0300002C;cloudType=Consumer;environment=Prod_SoutheastAsia_000j;migrationStage=NotStarted}
{"logTime": "0926/073913", "correlationVector":"XiQ0d7li1CIFxfnii2Jm2e","action":"Commit Request", "result":"", "context":Item count: 2
Contributing types: Sessions}
{"logTime": "0926/073914", "correlationVector":"XiQ0d7li1CIFxfnii2Jm2e.1","action":"SyncServerConnectionManagerRequest", "result":"SYNC_SERVER_OK", "context":{"environment":"Prod_SoutheastAsia_000j", "migrationStage":"NotStarted", "server":"GENERAL0300000Q"}}
{"logTime": "0926/073914", "correlationVector":"XiQ0d7li1CIFxfnii2Jm2e.3","action":"Commit.Sessions", "result":"Success", "context":{"id":"343122e1-ceed-4b00-be93-bb9064900d19", "isDeleted":"true", "size":"0", "version":"1727336167205"}}
{"logTime": "0926/073914", "correlationVector":"XiQ0d7li1CIFxfnii2Jm2e.2","action":"Commit Response", "result":"Success", "context":Result: Success. cV=XiQ0d7li1CIFxfnii2Jm2e.0;server=GENERAL0300000Q;cloudType=Consumer;environment=Prod_SoutheastAsia_000j;migrationStage=NotStarted}
{"logTime": "0926/074238", "correlationVector":"+8WlcFmXbC1pPG7uz3rIhr","action":"Commit Request", "result":"", "context":Item count: 1
Contributing types: Edge Hub App Usage}
{"logTime": "0926/074238", "correlationVector":"+8WlcFmXbC1pPG7uz3rIhr.1","action":"SyncServerConnectionManagerRequest", "result":"SYNC_SERVER_OK", "context":{"environment":"Prod_SoutheastAsia_000j", "migrationStage":"NotStarted", "server":"GENERAL0100000I"}}
{"logTime": "0926/074238", "correlationVector":"+8WlcFmXbC1pPG7uz3rIhr.2","action":"Commit Response", "result":"Success", "context":Result: Success. cV=+8WlcFmXbC1pPG7uz3rIhr.0;server=GENERAL0100000I;cloudType=Consumer;environment=Prod_SoutheastAsia_000j;migrationStage=NotStarted}
{"logTime": "0926/074246", "correlationVector":"VFVVOKhcOdDo8CIwaNpyoJ","action":"Commit Request", "result":"", "context":Item count: 4
Contributing types: Preferences, Edge Hub App Usage}
{"logTime": "0926/074246", "correlationVector":"VFVVOKhcOdDo8CIwaNpyoJ.1","action":"SyncServerConnectionManagerRequest", "result":"SYNC_SERVER_OK", "context":{"environment":"Prod_SoutheastAsia_000j", "migrationStage":"NotStarted", "server":"GENERAL0300002P"}}
{"logTime": "0926/074246", "correlationVector":"VFVVOKhcOdDo8CIwaNpyoJ.2","action":"Commit Response", "result":"Success", "context":Result: Success. cV=VFVVOKhcOdDo8CIwaNpyoJ.0;server=GENERAL0300002P;cloudType=Consumer;environment=Prod_SoutheastAsia_000j;migrationStage=NotStarted}
{"logTime": "0926/074306", "correlationVector":"7pKiP3pQhM3BuAgY6IKsTz","action":"Commit Request", "result":"", "context":Item count: 2
Contributing types: Preferences, Sessions}
{"logTime": "0926/074306", "correlationVector":"7pKiP3pQhM3BuAgY6IKsTz.1","action":"SyncServerConnectionManagerRequest", "result":"SYNC_SERVER_OK", "context":{"environment":"Prod_SoutheastAsia_000j", "migrationStage":"NotStarted", "server":"GENERAL0100000H"}}
{"logTime": "0926/074306", "correlationVector":"7pKiP3pQhM3BuAgY6IKsTz.2","action":"Commit Response", "result":"Success", "context":Result: Success. cV=7pKiP3pQhM3BuAgY6IKsTz.0;server=GENERAL0100000H;cloudType=Consumer;environment=Prod_SoutheastAsia_000j;migrationStage=NotStarted}
{"logTime": "0926/074339", "correlationVector":"GM/rMC8QV2Tp9mRzV0fQ0K","action":"Commit Request", "result":"", "context":Item count: 1
Contributing types: Sessions}
{"logTime": "0926/074340", "correlationVector":"GM/rMC8QV2Tp9mRzV0fQ0K.1","action":"SyncServerConnectionManagerRequest", "result":"SYNC_SERVER_OK", "context":{"environment":"Prod_SoutheastAsia_000j", "migrationStage":"NotStarted", "server":"GENERAL03000023"}}
{"logTime": "0926/074340", "correlationVector":"GM/rMC8QV2Tp9mRzV0fQ0K.2","action":"Commit Response", "result":"Success", "context":Result: Success. cV=GM/rMC8QV2Tp9mRzV0fQ0K.0;server=GENERAL03000023;cloudType=Consumer;environment=Prod_SoutheastAsia_000j;migrationStage=NotStarted}
{"logTime": "0926/075117", "correlationVector":"ZnRbE2ENVqoub4HjYEUTjp","action":"Normal GetUpdate request", "result":"", "context":cV=ZnRbE2ENVqoub4HjYEUTjp
Refresh requested types: Bookmarks, Preferences, Passwords, Autofill Profiles, Autofill, Typed URLs, Extensions, Sessions, Extension settings, History Delete Directives, Device Info, User Consents, Send Tab To Self, Web Apps, Collection, Edge E Drop, Edge Hub App Usage, Edge Tab Group, Edge Wallet, Encryption Keys}
{"logTime": "0926/075117", "correlationVector":"ZnRbE2ENVqoub4HjYEUTjp.1","action":"SyncServerConnectionManagerRequest", "result":"SYNC_SERVER_OK", "context":{"environment":"Prod_SoutheastAsia_000j", "migrationStage":"NotStarted", "server":"GENERAL01000016"}}
{"logTime": "0926/075117", "correlationVector":"ZnRbE2ENVqoub4HjYEUTjp.2","action":"GetUpdates", "result":"DeleteReceived", "context":{"id":"343122e1-ceed-4b00-be93-bb9064900d19", "isDeleted:":"true", "version":"1727336354342"}}
{"logTime": "0926/075117", "correlationVector":"ZnRbE2ENVqoub4HjYEUTjp.3","action":"GetUpdates Response", "result":"Success", "context":Received 13 update(s). cV=ZnRbE2ENVqoub4HjYEUTjp.0;server=GENERAL01000016;cloudType=Consumer;environment=Prod_SoutheastAsia_000j;migrationStage=NotStarted}
{"logTime": "0926/075803", "correlationVector":"0SUmuAUxxRnUvAzXFJfE2v","action":"Commit Request", "result":"", "context":Item count: 2
Contributing types: Sessions, Edge Hub App Usage}
{"logTime": "0926/075804", "correlationVector":"0SUmuAUxxRnUvAzXFJfE2v.1","action":"SyncServerConnectionManagerRequest", "result":"SYNC_SERVER_OK", "context":{"environment":"Prod_SoutheastAsia_000j", "migrationStage":"NotStarted", "server":"GENERAL0100000O"}}
{"logTime": "0926/075804", "correlationVector":"0SUmuAUxxRnUvAzXFJfE2v.2","action":"Commit Response", "result":"Success", "context":Result: Success. cV=0SUmuAUxxRnUvAzXFJfE2v.0;server=GENERAL0100000O;cloudType=Consumer;environment=Prod_SoutheastAsia_000j;migrationStage=NotStarted}
{"logTime": "0926/075857", "correlationVector":"GhH11w/jOPJQWR0dCEtZ2J","action":"Commit Request", "result":"", "context":Item count: 2
Contributing types: Preferences, Sessions}
{"logTime": "0926/075857", "correlationVector":"GhH11w/jOPJQWR0dCEtZ2J.1","action":"SyncServerConnectionManagerRequest", "result":"SYNC_SERVER_OK", "context":{"environment":"Prod_SoutheastAsia_000j", "migrationStage":"NotStarted", "server":"GENERAL01000018"}}
{"logTime": "0926/075857", "correlationVector":"GhH11w/jOPJQWR0dCEtZ2J.2","action":"Commit Response", "result":"Success", "context":Result: Success. cV=GhH11w/jOPJQWR0dCEtZ2J.0;server=GENERAL01000018;cloudType=Consumer;environment=Prod_SoutheastAsia_000j;migrationStage=NotStarted}
{"logTime": "0926/080020", "correlationVector":"w8ZQiMHOC7yzQBU+0dAGNI","action":"Commit Request", "result":"", "context":Item count: 1
Contributing types: Sessions}
{"logTime": "0926/080021", "correlationVector":"w8ZQiMHOC7yzQBU+0dAGNI.1","action":"SyncServerConnectionManagerRequest", "result":"SYNC_SERVER_OK", "context":{"environment":"Prod_SoutheastAsia_000j", "migrationStage":"NotStarted", "server":"GENERAL03000015"}}
{"logTime": "0926/080021", "correlationVector":"w8ZQiMHOC7yzQBU+0dAGNI.2","action":"Commit Response", "result":"Success", "context":Result: Success. cV=w8ZQiMHOC7yzQBU+0dAGNI.0;server=GENERAL03000015;cloudType=Consumer;environment=Prod_SoutheastAsia_000j;migrationStage=NotStarted}
{"logTime": "0926/080036", "correlationVector":"ZiAFomwzZDrabn70A1r+Mp","action":"Commit Request", "result":"", "context":Item count: 1
Contributing types: Preferences}
{"logTime": "0926/080036", "correlationVector":"ZiAFomwzZDrabn70A1r+Mp.1","action":"SyncServerConnectionManagerRequest", "result":"SYNC_SERVER_OK", "context":{"environment":"Prod_SoutheastAsia_000j", "migrationStage":"NotStarted", "server":"GENERAL03000014"}}
{"logTime": "0926/080036", "correlationVector":"ZiAFomwzZDrabn70A1r+Mp.2","action":"Commit Response", "result":"Success", "context":Result: Success. cV=ZiAFomwzZDrabn70A1r+Mp.0;server=GENERAL03000014;cloudType=Consumer;environment=Prod_SoutheastAsia_000j;migrationStage=NotStarted}
{"logTime": "0926/080105", "correlationVector":"CF+7QBYCQo2tGEMNm5+Lye","action":"Normal GetUpdate request", "result":"", "context":cV=CF+7QBYCQo2tGEMNm5+Lye
Nudged types: Sessions
Refresh requested types: Bookmarks, Preferences, Passwords, Autofill Profiles, Autofill, Typed URLs, Extensions, Sessions, Extension settings, History Delete Directives, Device Info, User Consents, Send Tab To Self, Web Apps, Collection, Edge E Drop, Edge Hub App Usage, Edge Tab Group, Edge Wallet, Encryption Keys}
{"logTime": "0926/080105", "correlationVector":"CF+7QBYCQo2tGEMNm5+Lye.1","action":"SyncServerConnectionManagerRequest", "result":"SYNC_SERVER_OK", "context":{"environment":"Prod_SoutheastAsia_000j", "migrationStage":"NotStarted", "server":"GENERAL0300000E"}}
{"logTime": "0926/080105", "correlationVector":"CF+7QBYCQo2tGEMNm5+Lye.2","action":"GetUpdates Response", "result":"Success", "context":Received 3 update(s). cV=CF+7QBYCQo2tGEMNm5+Lye.0;server=GENERAL0300000E;cloudType=Consumer;environment=Prod_SoutheastAsia_000j;migrationStage=NotStarted}
{"logTime": "0926/080105", "correlationVector":"K6NbL77rJj76JDTi+YCb8b","action":"Commit Request", "result":"", "context":Item count: 1
Contributing types: Sessions}
{"logTime": "0926/080105", "correlationVector":"K6NbL77rJj76JDTi+YCb8b.1","action":"SyncServerConnectionManagerRequest", "result":"SYNC_SERVER_OK", "context":{"environment":"Prod_SoutheastAsia_000j", "migrationStage":"NotStarted", "server":"GENERAL0300002E"}}
{"logTime": "0926/080105", "correlationVector":"K6NbL77rJj76JDTi+YCb8b.2","action":"Commit Response", "result":"Success", "context":Result: Success. cV=K6NbL77rJj76JDTi+YCb8b.0;server=GENERAL0300002E;cloudType=Consumer;environment=Prod_SoutheastAsia_000j;migrationStage=NotStarted}
{"logTime": "0926/080153", "correlationVector":"kzCzhDDDjAh1y2CPPl7sd6","action":"Commit Request", "result":"", "context":Item count: 2
Contributing types: Preferences, Sessions}
{"logTime": "0926/080154", "correlationVector":"kzCzhDDDjAh1y2CPPl7sd6.1","action":"SyncServerConnectionManagerRequest", "result":"SYNC_SERVER_OK", "context":{"environment":"Prod_SoutheastAsia_000j", "migrationStage":"NotStarted", "server":"GENERAL01000017"}}
{"logTime": "0926/080154", "correlationVector":"kzCzhDDDjAh1y2CPPl7sd6.2","action":"Commit Response", "result":"Success", "context":Result: Success. cV=kzCzhDDDjAh1y2CPPl7sd6.0;server=GENERAL01000017;cloudType=Consumer;environment=Prod_SoutheastAsia_000j;migrationStage=NotStarted}
{"logTime": "0926/080607", "correlationVector":"Ob+w4pbcSatyTmyrK/OUl1","action":"Commit Request", "result":"", "context":Item count: 1
Contributing types: Sessions}
{"logTime": "0926/080607", "correlationVector":"Ob+w4pbcSatyTmyrK/OUl1.1","action":"SyncServerConnectionManagerRequest", "result":"SYNC_SERVER_OK", "context":{"environment":"Prod_SoutheastAsia_000j", "migrationStage":"NotStarted", "server":"GENERAL0100000N"}}
{"logTime": "0926/080607", "correlationVector":"Ob+w4pbcSatyTmyrK/OUl1.2","action":"Commit Response", "result":"Success", "context":Result: Success. cV=Ob+w4pbcSatyTmyrK/OUl1.0;server=GENERAL0100000N;cloudType=Consumer;environment=Prod_SoutheastAsia_000j;migrationStage=NotStarted}
{"logTime": "0926/080739", "correlationVector":"sXl6Pfn5aTDu+uK7rcDHmO","action":"Commit Request", "result":"", "context":Item count: 1
Contributing types: Sessions}
{"logTime": "0926/080740", "correlationVector":"sXl6Pfn5aTDu+uK7rcDHmO.1","action":"SyncServerConnectionManagerRequest", "result":"SYNC_SERVER_OK", "context":{"environment":"Prod_SoutheastAsia_000j", "migrationStage":"NotStarted", "server":"GENERAL01000006"}}
{"logTime": "0926/080740", "correlationVector":"sXl6Pfn5aTDu+uK7rcDHmO.2","action":"Commit Response", "result":"Success", "context":Result: Success. cV=sXl6Pfn5aTDu+uK7rcDHmO.0;server=GENERAL01000006;cloudType=Consumer;environment=Prod_SoutheastAsia_000j;migrationStage=NotStarted}
{"logTime": "0926/080839", "correlationVector":"1/9IZc5zfvoyIe22I+sCI7","action":"Commit Request", "result":"", "context":Item count: 1
Contributing types: Sessions}
{"logTime": "0926/080839", "correlationVector":"1/9IZc5zfvoyIe22I+sCI7.1","action":"SyncServerConnectionManagerRequest", "result":"SYNC_SERVER_OK", "context":{"environment":"Prod_SoutheastAsia_000j", "migrationStage":"NotStarted", "server":"GENERAL0300001F"}}
{"logTime": "0926/080839", "correlationVector":"1/9IZc5zfvoyIe22I+sCI7.2","action":"Commit Response", "result":"Success", "context":Result: Success. cV=1/9IZc5zfvoyIe22I+sCI7.0;server=GENERAL0300001F;cloudType=Consumer;environment=Prod_SoutheastAsia_000j;migrationStage=NotStarted}
{"logTime": "0926/081113", "correlationVector":"6Ip32lyjGKI2PBJZ+zUd2r","action":"Commit Request", "result":"", "context":Item count: 1
Contributing types: Sessions}
{"logTime": "0926/081114", "correlationVector":"6Ip32lyjGKI2PBJZ+zUd2r.1","action":"SyncServerConnectionManagerRequest", "result":"SYNC_SERVER_OK", "context":{"environment":"Prod_SoutheastAsia_000j", "migrationStage":"NotStarted", "server":"GENERAL0300000W"}}
{"logTime": "0926/081114", "correlationVector":"6Ip32lyjGKI2PBJZ+zUd2r.2","action":"Commit Response", "result":"Success", "context":Result: Success. cV=6Ip32lyjGKI2PBJZ+zUd2r.0;server=GENERAL0300000W;cloudType=Consumer;environment=Prod_SoutheastAsia_000j;migrationStage=NotStarted}
{"logTime": "0926/081349", "correlationVector":"zI46jgbdXv9pcwqVYiTYPs","action":"Commit Request", "result":"", "context":Item count: 1
Contributing types: Sessions}
{"logTime": "0926/081350", "correlationVector":"zI46jgbdXv9pcwqVYiTYPs.1","action":"SyncServerConnectionManagerRequest", "result":"SYNC_SERVER_OK", "context":{"environment":"Prod_SoutheastAsia_000j", "migrationStage":"NotStarted", "server":"GENERAL0100000P"}}
{"logTime": "0926/081350", "correlationVector":"zI46jgbdXv9pcwqVYiTYPs.2","action":"Commit Response", "result":"Success", "context":Result: Success. cV=zI46jgbdXv9pcwqVYiTYPs.0;server=GENERAL0100000P;cloudType=Consumer;environment=Prod_SoutheastAsia_000j;migrationStage=NotStarted}
{"logTime": "0926/081554", "correlationVector":"/pU59Yav18WDeOpTpNyzfS","action":"Commit Request", "result":"", "context":Item count: 1
Contributing types: Sessions}
{"logTime": "0926/081554", "correlationVector":"/pU59Yav18WDeOpTpNyzfS.1","action":"SyncServerConnectionManagerRequest", "result":"SYNC_SERVER_OK", "context":{"environment":"Prod_SoutheastAsia_000j", "migrationStage":"NotStarted", "server":"GENERAL0300001A"}}
{"logTime": "0926/081554", "correlationVector":"/pU59Yav18WDeOpTpNyzfS.2","action":"Commit Response", "result":"Success", "context":Result: Success. cV=/pU59Yav18WDeOpTpNyzfS.0;server=GENERAL0300001A;cloudType=Consumer;environment=Prod_SoutheastAsia_000j;migrationStage=NotStarted}
{"logTime": "0926/081747", "correlationVector":"8lLxLCtZCmMZDGvnH+0c03","action":"Commit Request", "result":"", "context":Item count: 1
Contributing types: Sessions}
{"logTime": "0926/081747", "correlationVector":"8lLxLCtZCmMZDGvnH+0c03.1","action":"SyncServerConnectionManagerRequest", "result":"SYNC_SERVER_OK", "context":{"environment":"Prod_SoutheastAsia_000j", "migrationStage":"NotStarted", "server":"GENERAL03000009"}}
{"logTime": "0926/081747", "correlationVector":"8lLxLCtZCmMZDGvnH+0c03.2","action":"Commit Response", "result":"Success", "context":Result: Success. cV=8lLxLCtZCmMZDGvnH+0c03.0;server=GENERAL03000009;cloudType=Consumer;environment=Prod_SoutheastAsia_000j;migrationStage=NotStarted}
{"logTime": "0926/082231", "correlationVector":"eo04br6+aDyYp8FvcCBjmM","action":"Commit Request", "result":"", "context":Item count: 1
Contributing types: Sessions}
{"logTime": "0926/082231", "correlationVector":"eo04br6+aDyYp8FvcCBjmM.1","action":"SyncServerConnectionManagerRequest", "result":"SYNC_SERVER_OK", "context":{"environment":"Prod_SoutheastAsia_000j", "migrationStage":"NotStarted", "server":"GENERAL0100000V"}}
{"logTime": "0926/082231", "correlationVector":"eo04br6+aDyYp8FvcCBjmM.2","action":"Commit Response", "result":"Success", "context":Result: Success. cV=eo04br6+aDyYp8FvcCBjmM.0;server=GENERAL0100000V;cloudType=Consumer;environment=Prod_SoutheastAsia_000j;migrationStage=NotStarted}
{"logTime": "0926/082455", "correlationVector":"DgZfdvkLmE1g6cw3WMJlpB","action":"Commit Request", "result":"", "context":Item count: 1
Contributing types: Sessions}
{"logTime": "0926/082455", "correlationVector":"DgZfdvkLmE1g6cw3WMJlpB.1","action":"SyncServerConnectionManagerRequest", "result":"SYNC_SERVER_OK", "context":{"environment":"Prod_SoutheastAsia_000j", "migrationStage":"NotStarted", "server":"GENERAL0300001C"}}
{"logTime": "0926/082455", "correlationVector":"DgZfdvkLmE1g6cw3WMJlpB.2","action":"Commit Response", "result":"Success", "context":Result: Success. cV=DgZfdvkLmE1g6cw3WMJlpB.0;server=GENERAL0300001C;cloudType=Consumer;environment=Prod_SoutheastAsia_000j;migrationStage=NotStarted}
{"logTime": "0926/082628", "correlationVector":"AwImOf960IziUlWPQeGbBC","action":"Commit Request", "result":"", "context":Item count: 1
Contributing types: Sessions}
{"logTime": "0926/082628", "correlationVector":"AwImOf960IziUlWPQeGbBC.1","action":"SyncServerConnectionManagerRequest", "result":"SYNC_SERVER_OK", "context":{"environment":"Prod_SoutheastAsia_000j", "migrationStage":"NotStarted", "server":"GENERAL0100001K"}}
{"logTime": "0926/082628", "correlationVector":"AwImOf960IziUlWPQeGbBC.2","action":"Commit Response", "result":"Success", "context":Result: Success. cV=AwImOf960IziUlWPQeGbBC.0;server=GENERAL0100001K;cloudType=Consumer;environment=Prod_SoutheastAsia_000j;migrationStage=NotStarted}
{"logTime": "0926/082835", "correlationVector":"qzfU4h3MV2rd/aZTTmv0rW","action":"Commit Request", "result":"", "context":Item count: 1
Contributing types: Sessions}
{"logTime": "0926/082836", "correlationVector":"qzfU4h3MV2rd/aZTTmv0rW.1","action":"SyncServerConnectionManagerRequest", "result":"SYNC_SERVER_OK", "context":{"environment":"Prod_SoutheastAsia_000j", "migrationStage":"NotStarted", "server":"GENERAL0300001Y"}}
{"logTime": "0926/082836", "correlationVector":"qzfU4h3MV2rd/aZTTmv0rW.2","action":"Commit Response", "result":"Success", "context":Result: Success. cV=qzfU4h3MV2rd/aZTTmv0rW.0;server=GENERAL0300001Y;cloudType=Consumer;environment=Prod_SoutheastAsia_000j;migrationStage=NotStarted}
{"logTime": "0926/083030", "correlationVector":"NsVdrXmuNm7giw5U0FpfRQ","action":"Commit Request", "result":"", "context":Item count: 1
Contributing types: Sessions}
{"logTime": "0926/083031", "correlationVector":"NsVdrXmuNm7giw5U0FpfRQ.1","action":"SyncServerConnectionManagerRequest", "result":"SYNC_SERVER_OK", "context":{"environment":"Prod_SoutheastAsia_000j", "migrationStage":"NotStarted", "server":"GENERAL0100000T"}}
{"logTime": "0926/083031", "correlationVector":"NsVdrXmuNm7giw5U0FpfRQ.2","action":"Commit Response", "result":"Success", "context":Result: Success. cV=NsVdrXmuNm7giw5U0FpfRQ.0;server=GENERAL0100000T;cloudType=Consumer;environment=Prod_SoutheastAsia_000j;migrationStage=NotStarted}
{"logTime": "0926/083258", "correlationVector":"CKn24a5kvxRpq2RrtA3XwK","action":"Commit Request", "result":"", "context":Item count: 1
Contributing types: Sessions}
{"logTime": "0926/083258", "correlationVector":"CKn24a5kvxRpq2RrtA3XwK.1","action":"SyncServerConnectionManagerRequest", "result":"SYNC_SERVER_OK", "context":{"environment":"Prod_SoutheastAsia_000j", "migrationStage":"NotStarted", "server":"GENERAL0300001G"}}
{"logTime": "0926/083258", "correlationVector":"CKn24a5kvxRpq2RrtA3XwK.2","action":"Commit Response", "result":"Success", "context":Result: Success. cV=CKn24a5kvxRpq2RrtA3XwK.0;server=GENERAL0300001G;cloudType=Consumer;environment=Prod_SoutheastAsia_000j;migrationStage=NotStarted}
{"logTime": "0926/083541", "correlationVector":"lU7LQswApu3qbdYed2pcJi","action":"Commit Request", "result":"", "context":Item count: 1
Contributing types: Sessions}
{"logTime": "0926/083542", "correlationVector":"lU7LQswApu3qbdYed2pcJi.1","action":"SyncServerConnectionManagerRequest", "result":"SYNC_SERVER_OK", "context":{"environment":"Prod_SoutheastAsia_000j", "migrationStage":"NotStarted", "server":"GENERAL0100000P"}}
{"logTime": "0926/083542", "correlationVector":"lU7LQswApu3qbdYed2pcJi.2","action":"Commit Response", "result":"Success", "context":Result: Success. cV=lU7LQswApu3qbdYed2pcJi.0;server=GENERAL0100000P;cloudType=Consumer;environment=Prod_SoutheastAsia_000j;migrationStage=NotStarted}
{"logTime": "0926/083742", "correlationVector":"o1ed1PKx7VHBTzRZr3NyZI","action":"Commit Request", "result":"", "context":Item count: 1
Contributing types: Sessions}
{"logTime": "0926/083742", "correlationVector":"o1ed1PKx7VHBTzRZr3NyZI.1","action":"SyncServerConnectionManagerRequest", "result":"SYNC_SERVER_OK", "context":{"environment":"Prod_SoutheastAsia_000j", "migrationStage":"NotStarted", "server":"GENERAL03000009"}}
{"logTime": "0926/083742", "correlationVector":"o1ed1PKx7VHBTzRZr3NyZI.2","action":"Commit Response", "result":"Success", "context":Result: Success. cV=o1ed1PKx7VHBTzRZr3NyZI.0;server=GENERAL03000009;cloudType=Consumer;environment=Prod_SoutheastAsia_000j;migrationStage=NotStarted}
{"logTime": "0926/083855", "correlationVector":"CulJ3zyT+XY1EYVzlSMkdH","action":"Commit Request", "result":"", "context":Item count: 1
Contributing types: Sessions}
{"logTime": "0926/083856", "correlationVector":"CulJ3zyT+XY1EYVzlSMkdH.1","action":"SyncServerConnectionManagerRequest", "result":"SYNC_SERVER_OK", "context":{"environment":"Prod_SoutheastAsia_000j", "migrationStage":"NotStarted", "server":"GENERAL0300000N"}}
{"logTime": "0926/083856", "correlationVector":"CulJ3zyT+XY1EYVzlSMkdH.2","action":"Commit Response", "result":"Success", "context":Result: Success. cV=CulJ3zyT+XY1EYVzlSMkdH.0;server=GENERAL0300000N;cloudType=Consumer;environment=Prod_SoutheastAsia_000j;migrationStage=NotStarted}
{"logTime": "0926/084330", "correlationVector":"z/U9IH+M9DXxLC0ZGwjTkX","action":"Commit Request", "result":"", "context":Item count: 1
Contributing types: Sessions}
{"logTime": "0926/084331", "correlationVector":"z/U9IH+M9DXxLC0ZGwjTkX.1","action":"SyncServerConnectionManagerRequest", "result":"SYNC_SERVER_OK", "context":{"environment":"Prod_SoutheastAsia_000j", "migrationStage":"NotStarted", "server":"GENERAL01000017"}}
{"logTime": "0926/084331", "correlationVector":"z/U9IH+M9DXxLC0ZGwjTkX.2","action":"Commit Response", "result":"Success", "context":Result: Success. cV=z/U9IH+M9DXxLC0ZGwjTkX.0;server=GENERAL01000017;cloudType=Consumer;environment=Prod_SoutheastAsia_000j;migrationStage=NotStarted}
{"logTime": "0926/084431", "correlationVector":"e6KP39GM8aj6pErS/OjzHj","action":"Commit Request", "result":"", "context":Item count: 1
Contributing types: Sessions}
{"logTime": "0926/084431", "correlationVector":"e6KP39GM8aj6pErS/OjzHj.1","action":"SyncServerConnectionManagerRequest", "result":"SYNC_SERVER_OK", "context":{"environment":"Prod_SoutheastAsia_000j", "migrationStage":"NotStarted", "server":"GENERAL0300001Y"}}
{"logTime": "0926/084431", "correlationVector":"e6KP39GM8aj6pErS/OjzHj.2","action":"Commit Response", "result":"Success", "context":Result: Success. cV=e6KP39GM8aj6pErS/OjzHj.0;server=GENERAL0300001Y;cloudType=Consumer;environment=Prod_SoutheastAsia_000j;migrationStage=NotStarted}
{"logTime": "0926/084546", "correlationVector":"5IYkJ/s4JrZoavZh2bov46","action":"Commit Request", "result":"", "context":Item count: 3
Contributing types: Sessions}
{"logTime": "0926/084546", "correlationVector":"5IYkJ/s4JrZoavZh2bov46.1","action":"SyncServerConnectionManagerRequest", "result":"SYNC_SERVER_OK", "context":{"environment":"Prod_SoutheastAsia_000j", "migrationStage":"NotStarted", "server":"GENERAL01000006"}}
{"logTime": "0926/084546", "correlationVector":"5IYkJ/s4JrZoavZh2bov46.2","action":"Commit Response", "result":"Success", "context":Result: Success. cV=5IYkJ/s4JrZoavZh2bov46.0;server=GENERAL01000006;cloudType=Consumer;environment=Prod_SoutheastAsia_000j;migrationStage=NotStarted}
{"logTime": "0926/084619", "correlationVector":"Rs5ngyzj83w1ruQVBY6OqZ","action":"Commit Request", "result":"", "context":Item count: 1
Contributing types: Sessions}
{"logTime": "0926/084619", "correlationVector":"Rs5ngyzj83w1ruQVBY6OqZ.1","action":"SyncServerConnectionManagerRequest", "result":"SYNC_SERVER_OK", "context":{"environment":"Prod_SoutheastAsia_000j", "migrationStage":"NotStarted", "server":"GENERAL03000023"}}
{"logTime": "0926/084619", "correlationVector":"Rs5ngyzj83w1ruQVBY6OqZ.3","action":"Commit.Sessions", "result":"Success", "context":{"id":"547bbdb6-8c79-4bf4-a8d9-88d2677589e7", "isDeleted":"true", "size":"0", "version":"1727340346992"}}
{"logTime": "0926/084619", "correlationVector":"Rs5ngyzj83w1ruQVBY6OqZ.2","action":"Commit Response", "result":"Success", "context":Result: Success. cV=Rs5ngyzj83w1ruQVBY6OqZ.0;server=GENERAL03000023;cloudType=Consumer;environment=Prod_SoutheastAsia_000j;migrationStage=NotStarted}
{"logTime": "0926/084807", "correlationVector":"JGlm2CBinb6UKS4G3mnWSu","action":"Commit Request", "result":"", "context":Item count: 1
Contributing types: Sessions}
{"logTime": "0926/084807", "correlationVector":"JGlm2CBinb6UKS4G3mnWSu.1","action":"SyncServerConnectionManagerRequest", "result":"SYNC_SERVER_OK", "context":{"environment":"Prod_SoutheastAsia_000j", "migrationStage":"NotStarted", "server":"GENERAL0300000W"}}
{"logTime": "0926/084807", "correlationVector":"JGlm2CBinb6UKS4G3mnWSu.2","action":"Commit Response", "result":"Success", "context":Result: Success. cV=JGlm2CBinb6UKS4G3mnWSu.0;server=GENERAL0300000W;cloudType=Consumer;environment=Prod_SoutheastAsia_000j;migrationStage=NotStarted}
{"logTime": "0926/085129", "correlationVector":"YvWUvMxBlkOV6ozT4Qm32j.1","action":"SyncServerConnectionManagerRequest", "result":"SYNC_SERVER_OK", "context":{"environment":"Prod_SoutheastAsia_000j", "migrationStage":"NotStarted", "server":"GENERAL0100000R"}}
{"logTime": "0926/085130", "correlationVector":"piIRewd3oL4CT+UuOa5a7H","action":"SyncServerConnectionManagerRequest", "result":"SYNC_SERVER_OK", "context":{"environment":"", "migrationStage":"", "server":""}}
{"logTime": "0926/085130", "correlationVector":"YvWUvMxBlkOV6ozT4Qm32j","action":"Initial GetUpdates", "result":"", "context":Reason: NEW_CLIENT. cV=YvWUvMxBlkOV6ozT4Qm32j}
{"logTime": "0926/085130", "correlationVector":"YvWUvMxBlkOV6ozT4Qm32j.2","action":"GetUpdates Response", "result":"Success", "context":Received 1 update(s). cV=YvWUvMxBlkOV6ozT4Qm32j.0;server=GENERAL0100000R;cloudType=Consumer;environment=Prod_SoutheastAsia_000j;migrationStage=NotStarted}
{"logTime": "0926/085130", "correlationVector":"7qrb4txari3oFXdTSOlN+1","action":"Normal GetUpdate request", "result":"", "context":cV=7qrb4txari3oFXdTSOlN+1
Nudged types: Sessions
Refresh requested types: Bookmarks, Preferences, Passwords, Autofill Profiles, Autofill, Typed URLs, Extensions, Sessions, Extension settings, History Delete Directives, Device Info, User Consents, Send Tab To Self, Web Apps, Collection, Edge E Drop, Edge Hub App Usage, Edge Tab Group, Edge Wallet, Encryption Keys}
{"logTime": "0926/085131", "correlationVector":"7qrb4txari3oFXdTSOlN+1.1","action":"SyncServerConnectionManagerRequest", "result":"SYNC_SERVER_OK", "context":{"environment":"Prod_SoutheastAsia_000j", "migrationStage":"NotStarted", "server":"GENERAL01000007"}}
{"logTime": "0926/085131", "correlationVector":"7qrb4txari3oFXdTSOlN+1.2","action":"GetUpdates", "result":"DeleteReceived", "context":{"id":"547bbdb6-8c79-4bf4-a8d9-88d2677589e7", "isDeleted:":"true", "version":"1727340379618"}}
{"logTime": "0926/085131", "correlationVector":"7qrb4txari3oFXdTSOlN+1.3","action":"GetUpdates Response", "result":"Success", "context":Received 4 update(s). cV=7qrb4txari3oFXdTSOlN+1.0;server=GENERAL01000007;cloudType=Consumer;environment=Prod_SoutheastAsia_000j;migrationStage=NotStarted}
{"logTime": "0926/085131", "correlationVector":"7CQElAs+2DYJ8PTUUCmBOk","action":"Commit Request", "result":"", "context":Item count: 3
Contributing types: Sessions}
{"logTime": "0926/085131", "correlationVector":"7CQElAs+2DYJ8PTUUCmBOk.1","action":"SyncServerConnectionManagerRequest", "result":"SYNC_SERVER_OK", "context":{"environment":"Prod_SoutheastAsia_000j", "migrationStage":"NotStarted", "server":"GENERAL03000014"}}
{"logTime": "0926/085131", "correlationVector":"7CQElAs+2DYJ8PTUUCmBOk.2","action":"Commit Response", "result":"Success", "context":Result: Success. cV=7CQElAs+2DYJ8PTUUCmBOk.0;server=GENERAL03000014;cloudType=Consumer;environment=Prod_SoutheastAsia_000j;migrationStage=NotStarted}
